2022-09-05 14:27:21.396  INFO 13900 --- [main] c.e.knowledge.KnowledgeApplication       : Starting KnowledgeApplication using Java 1.8.0_341 on MINHMOMI with PID 13900 (C:\MyProject\knowledge-master\target\classes started by Openway in C:\MyProject\knowledge-master)
2022-09-05 14:27:21.398  INFO 13900 --- [main] c.e.knowledge.KnowledgeApplication       : No active profile set, falling back to 1 default profile: "default"
2022-09-05 14:27:22.553  INFO 13900 --- [main] .s.d.r.c.RepositoryConfigurationDelegate : Multiple Spring Data modules found, entering strict repository configuration mode!
2022-09-05 14:27:22.557  INFO 13900 --- [main] .s.d.r.c.RepositoryConfigurationDelegate : Bootstrapping Spring Data JPA repositories in DEFAULT mode.
2022-09-05 14:27:22.819  INFO 13900 --- [main] .s.d.r.c.RepositoryConfigurationDelegate : Finished Spring Data repository scanning in 246 ms. Found 3 JPA repository interfaces.
2022-09-05 14:27:22.841  INFO 13900 --- [main] .s.d.r.c.RepositoryConfigurationDelegate : Multiple Spring Data modules found, entering strict repository configuration mode!
2022-09-05 14:27:22.844  INFO 13900 --- [main] .s.d.r.c.RepositoryConfigurationDelegate : Bootstrapping Spring Data Redis repositories in DEFAULT mode.
2022-09-05 14:27:22.871  INFO 13900 --- [main] .RepositoryConfigurationExtensionSupport : Spring Data Redis - Could not safely identify store assignment for repository candidate interface com.example.knowledge.repository.CarRepository. If you want this repository to be a Redis repository, consider annotating your entities with one of these annotations: org.springframework.data.redis.core.RedisHash (preferred), or consider extending one of the following types with your repository: org.springframework.data.keyvalue.repository.KeyValueRepository.
2022-09-05 14:27:22.875  INFO 13900 --- [main] .RepositoryConfigurationExtensionSupport : Spring Data Redis - Could not safely identify store assignment for repository candidate interface com.example.knowledge.repository.InboundRequestLogRepository. If you want this repository to be a Redis repository, consider annotating your entities with one of these annotations: org.springframework.data.redis.core.RedisHash (preferred), or consider extending one of the following types with your repository: org.springframework.data.keyvalue.repository.KeyValueRepository.
2022-09-05 14:27:22.877  INFO 13900 --- [main] .RepositoryConfigurationExtensionSupport : Spring Data Redis - Could not safely identify store assignment for repository candidate interface com.example.knowledge.repository.OutboundRequestLogRepository. If you want this repository to be a Redis repository, consider annotating your entities with one of these annotations: org.springframework.data.redis.core.RedisHash (preferred), or consider extending one of the following types with your repository: org.springframework.data.keyvalue.repository.KeyValueRepository.
2022-09-05 14:27:22.878  INFO 13900 --- [main] .s.d.r.c.RepositoryConfigurationDelegate : Finished Spring Data repository scanning in 22 ms. Found 0 Redis repository interfaces.
2022-09-05 14:27:23.228  INFO 13900 --- [main] ptablePropertiesBeanFactoryPostProcessor : Post-processing PropertySource instances
2022-09-05 14:27:23.264  INFO 13900 --- [main] c.u.j.EncryptablePropertySourceConverter : Converting PropertySource configurationProperties [org.springframework.boot.context.properties.source.ConfigurationPropertySourcesPropertySource] to AOP Proxy
2022-09-05 14:27:23.266  INFO 13900 --- [main] c.u.j.EncryptablePropertySourceConverter : Converting PropertySource servletConfigInitParams [org.springframework.core.env.PropertySource$StubPropertySource] to EncryptablePropertySourceWrapper
2022-09-05 14:27:23.266  INFO 13900 --- [main] c.u.j.EncryptablePropertySourceConverter : Converting PropertySource servletContextInitParams [org.springframework.core.env.PropertySource$StubPropertySource] to EncryptablePropertySourceWrapper
2022-09-05 14:27:23.266  INFO 13900 --- [main] c.u.j.EncryptablePropertySourceConverter : Converting PropertySource systemProperties [org.springframework.core.env.PropertiesPropertySource] to EncryptableMapPropertySourceWrapper
2022-09-05 14:27:23.267  INFO 13900 --- [main] c.u.j.EncryptablePropertySourceConverter : Converting PropertySource systemEnvironment [org.springframework.boot.env.SystemEnvironmentPropertySourceEnvironmentPostProcessor$OriginAwareSystemEnvironmentPropertySource] to EncryptableSystemEnvironmentPropertySourceWrapper
2022-09-05 14:27:23.267  INFO 13900 --- [main] c.u.j.EncryptablePropertySourceConverter : Converting PropertySource random [org.springframework.boot.env.RandomValuePropertySource] to EncryptablePropertySourceWrapper
2022-09-05 14:27:23.267  INFO 13900 --- [main] c.u.j.EncryptablePropertySourceConverter : Converting PropertySource Config resource 'class path resource [application.yml]' via location 'optional:classpath:/' [org.springframework.boot.env.OriginTrackedMapPropertySource] to EncryptableMapPropertySourceWrapper
2022-09-05 14:27:23.369  INFO 13900 --- [main] c.u.j.filter.DefaultLazyPropertyFilter   : Property Filter custom Bean not found with name 'encryptablePropertyFilter'. Initializing Default Property Filter
2022-09-05 14:27:23.743  INFO 13900 --- [main] c.u.j.r.DefaultLazyPropertyResolver      : Property Resolver custom Bean not found with name 'encryptablePropertyResolver'. Initializing Default Property Resolver
2022-09-05 14:27:23.747  INFO 13900 --- [main] c.u.j.d.DefaultLazyPropertyDetector      : Property Detector custom Bean not found with name 'encryptablePropertyDetector'. Initializing Default Property Detector
2022-09-05 14:27:24.222  INFO 13900 --- [main] o.s.b.w.embedded.tomcat.TomcatWebServer  : Tomcat initialized with port(s): 8080 (http)
2022-09-05 14:27:24.246  INFO 13900 --- [main] o.apache.catalina.core.StandardService   : Starting service [Tomcat]
2022-09-05 14:27:24.247  INFO 13900 --- [main] org.apache.catalina.core.StandardEngine  : Starting Servlet engine: [Apache Tomcat/9.0.60]
2022-09-05 14:27:24.462  INFO 13900 --- [main] o.a.c.c.C.[Tomcat].[localhost].[/]       : Initializing Spring embedded WebApplicationContext
2022-09-05 14:27:24.463  INFO 13900 --- [main] w.s.c.ServletWebServerApplicationContext : Root WebApplicationContext: initialization completed in 2976 ms
2022-09-05 14:27:25.366  INFO 13900 --- [main] com.zaxxer.hikari.HikariDataSource       : HikariPool-1 - Starting...
2022-09-05 14:27:27.038  INFO 13900 --- [main] com.zaxxer.hikari.HikariDataSource       : HikariPool-1 - Start completed.
2022-09-05 14:27:27.541  INFO 13900 --- [main] liquibase.lockservice                    : Successfully acquired change log lock
2022-09-05 14:27:27.934  INFO 13900 --- [main] liquibase.changelog                      : Reading resource: db/changelog/1.structure-sql/master-2022-07-04-01.xml
2022-09-05 14:27:28.128  INFO 13900 --- [main] liquibase.changelog                      : Reading resource: db/changelog/2.master-data/master-2022-07-04-01.xml
2022-09-05 14:27:28.145  INFO 13900 --- [main] liquibase.changelog                      : Reading resource: db/changelog/2.master-data/master-2022-08-02-01.xml
2022-09-05 14:27:28.167  INFO 13900 --- [main] liquibase.changelog                      : Reading resource: db/changelog/3.temporary-data/master-2022-07-04-01.xml
2022-09-05 14:27:28.314  INFO 13900 --- [main] liquibase.changelog                      : Reading from my_portal.DATABASECHANGELOG
2022-09-05 14:27:28.385  INFO 13900 --- [main] liquibase.lockservice                    : Successfully released change log lock
2022-09-05 14:27:28.485  INFO 13900 --- [main] o.hibernate.jpa.internal.util.LogHelper  : HHH000204: Processing PersistenceUnitInfo [name: default]
2022-09-05 14:27:28.568  INFO 13900 --- [main] org.hibernate.Version                    : HHH000412: Hibernate ORM core version 5.6.7.Final
2022-09-05 14:27:28.738  INFO 13900 --- [main] o.hibernate.annotations.common.Version   : HCANN000001: Hibernate Commons Annotations {5.1.2.Final}
2022-09-05 14:27:28.878  INFO 13900 --- [main] org.hibernate.dialect.Dialect            : HHH000400: Using dialect: org.hibernate.dialect.MySQL8Dialect
2022-09-05 14:27:29.229  INFO 13900 --- [main] org.hibernate.search.engine.Version      : HSEARCH000034: Hibernate Search 5.11.1.Final
2022-09-05 14:27:29.617  INFO 13900 --- [main] o.h.e.t.j.p.i.JtaPlatformInitiator       : HHH000490: Using JtaPlatform implementation: [org.hibernate.engine.transaction.jta.platform.internal.NoJtaPlatform]
2022-09-05 14:27:29.709  INFO 13900 --- [main] j.LocalContainerEntityManagerFactoryBean : Initialized JPA EntityManagerFactory for persistence unit 'default'
2022-09-05 14:27:30.432  WARN 13900 --- [main] JpaBaseConfiguration$JpaWebConfiguration : spring.jpa.open-in-view is enabled by default. Therefore, database queries may be performed during view rendering. Explicitly configure spring.jpa.open-in-view to disable this warning
2022-09-05 14:27:31.298  INFO 13900 --- [main] org.quartz.impl.StdSchedulerFactory      : Using default implementation for ThreadExecutor
2022-09-05 14:27:31.300  INFO 13900 --- [main] org.quartz.core.SchedulerSignalerImpl    : Initialized Scheduler Signaller of type: class org.quartz.core.SchedulerSignalerImpl
2022-09-05 14:27:31.301  INFO 13900 --- [main] org.quartz.core.QuartzScheduler          : Quartz Scheduler v.2.3.2 created.
2022-09-05 14:27:31.301  INFO 13900 --- [main] org.quartz.simpl.RAMJobStore             : RAMJobStore initialized.
2022-09-05 14:27:31.301  INFO 13900 --- [main] org.quartz.core.QuartzScheduler          : Scheduler meta-data: Quartz Scheduler (v2.3.2) 'quartzScheduler' with instanceId 'NON_CLUSTERED'
  Scheduler class: 'org.quartz.core.QuartzScheduler' - running locally.
  NOT STARTED.
  Currently in standby mode.
  Number of jobs executed: 0
  Using thread pool 'org.quartz.simpl.SimpleThreadPool' - with 10 threads.
  Using job-store 'org.quartz.simpl.RAMJobStore' - which does not support persistence. and is not clustered.

2022-09-05 14:27:31.301  INFO 13900 --- [main] org.quartz.impl.StdSchedulerFactory      : Quartz scheduler 'quartzScheduler' initialized from an externally provided properties instance.
2022-09-05 14:27:31.301  INFO 13900 --- [main] org.quartz.impl.StdSchedulerFactory      : Quartz scheduler version: 2.3.2
2022-09-05 14:27:31.302  INFO 13900 --- [main] org.quartz.core.QuartzScheduler          : JobFactory set to: org.springframework.scheduling.quartz.SpringBeanJobFactory@23dda7a3
2022-09-05 14:27:31.412  INFO 13900 --- [main] o.s.b.w.embedded.tomcat.TomcatWebServer  : Tomcat started on port(s): 8080 (http) with context path ''
2022-09-05 14:27:31.415  INFO 13900 --- [main] o.s.s.quartz.SchedulerFactoryBean        : Starting Quartz Scheduler now
2022-09-05 14:27:31.415  INFO 13900 --- [main] org.quartz.core.QuartzScheduler          : Scheduler quartzScheduler_$_NON_CLUSTERED started.
2022-09-05 14:27:31.433  INFO 13900 --- [main] c.e.knowledge.KnowledgeApplication       : Started KnowledgeApplication in 10.691 seconds (JVM running for 12.397)
2022-09-05 14:27:39.649  INFO 13900 --- [http-nio-8080-exec-1] o.a.c.c.C.[Tomcat].[localhost].[/]       : Initializing Spring DispatcherServlet 'dispatcherServlet'
2022-09-05 14:27:39.650  INFO 13900 --- [http-nio-8080-exec-1] o.s.web.servlet.DispatcherServlet        : Initializing Servlet 'dispatcherServlet'
2022-09-05 14:27:39.651  INFO 13900 --- [http-nio-8080-exec-1] o.s.web.servlet.DispatcherServlet        : Completed initialization in 1 ms
2022-09-05 14:27:39.834  INFO 13900 --- [http-nio-8080-exec-1] com.example.knowledge.aop.LoggingAspect  : save inbound req log is called!
